C:\USERS\DANIEL\DOCUMENTS\VISUAL STUDIO 2012\PROJECTS\SANDBLASTER\DEBUG\SANDBLASTER.EXE
C:\USERS\DANIEL\DOCUMENTS\VISUAL STUDIO 2012\PROJECTS\SANDBLASTER\DEBUG\SANDBLASTER.PDB
C:\USERS\DANIEL\DOCUMENTS\VISUAL STUDIO 2012\PROJECTS\SANDBLASTER\SANDBLASTER\DEBUG\AI.OBJ
C:\USERS\DANIEL\DOCUMENTS\VISUAL STUDIO 2012\PROJECTS\SANDBLASTER\SANDBLASTER\DEBUG\AUDIO.OBJ
C:\USERS\DANIEL\DOCUMENTS\VISUAL STUDIO 2012\PROJECTS\SANDBLASTER\SANDBLASTER\DEBUG\BMPLOADER.OBJ
C:\USERS\DANIEL\DOCUMENTS\VISUAL STUDIO 2012\PROJECTS\SANDBLASTER\SANDBLASTER\DEBUG\CHARACTERSELECTMODE.OBJ
C:\Users\Daniel\Documents\Visual Studio 2012\Projects\sandblaster\sandblaster\Debug\cl.command.1.tlog
C:\Users\Daniel\Documents\Visual Studio 2012\Projects\sandblaster\sandblaster\Debug\CL.read.1.tlog
C:\Users\Daniel\Documents\Visual Studio 2012\Projects\sandblaster\sandblaster\Debug\CL.write.1.tlog
C:\USERS\DANIEL\DOCUMENTS\VISUAL STUDIO 2012\PROJECTS\SANDBLASTER\SANDBLASTER\DEBUG\DEBUGEYE.OBJ
C:\USERS\DANIEL\DOCUMENTS\VISUAL STUDIO 2012\PROJECTS\SANDBLASTER\SANDBLASTER\DEBUG\DRIVER.OBJ
C:\USERS\DANIEL\DOCUMENTS\VISUAL STUDIO 2012\PROJECTS\SANDBLASTER\SANDBLASTER\DEBUG\DRIVERPARTICLESYSTEM.OBJ
C:\USERS\DANIEL\DOCUMENTS\VISUAL STUDIO 2012\PROJECTS\SANDBLASTER\SANDBLASTER\DEBUG\ENTITY.OBJ
C:\USERS\DANIEL\DOCUMENTS\VISUAL STUDIO 2012\PROJECTS\SANDBLASTER\SANDBLASTER\DEBUG\FIREBALL.OBJ
C:\USERS\DANIEL\DOCUMENTS\VISUAL STUDIO 2012\PROJECTS\SANDBLASTER\SANDBLASTER\DEBUG\FRACTALTERRAIN.OBJ
C:\USERS\DANIEL\DOCUMENTS\VISUAL STUDIO 2012\PROJECTS\SANDBLASTER\SANDBLASTER\DEBUG\FREEZEPARTICLE.OBJ
C:\USERS\DANIEL\DOCUMENTS\VISUAL STUDIO 2012\PROJECTS\SANDBLASTER\SANDBLASTER\DEBUG\FREEZEPARTICLESYSTEM.OBJ
C:\USERS\DANIEL\DOCUMENTS\VISUAL STUDIO 2012\PROJECTS\SANDBLASTER\SANDBLASTER\DEBUG\FRUSTUM.OBJ
C:\USERS\DANIEL\DOCUMENTS\VISUAL STUDIO 2012\PROJECTS\SANDBLASTER\SANDBLASTER\DEBUG\GAMEMODEMANAGER.OBJ
C:\USERS\DANIEL\DOCUMENTS\VISUAL STUDIO 2012\PROJECTS\SANDBLASTER\SANDBLASTER\DEBUG\GAMEOVERMODE.OBJ
C:\USERS\DANIEL\DOCUMENTS\VISUAL STUDIO 2012\PROJECTS\SANDBLASTER\SANDBLASTER\DEBUG\GAMEWINDOW.OBJ
C:\USERS\DANIEL\DOCUMENTS\VISUAL STUDIO 2012\PROJECTS\SANDBLASTER\SANDBLASTER\DEBUG\ICESHOT.OBJ
C:\USERS\DANIEL\DOCUMENTS\VISUAL STUDIO 2012\PROJECTS\SANDBLASTER\SANDBLASTER\DEBUG\INPUTMANAGER.OBJ
C:\USERS\DANIEL\DOCUMENTS\VISUAL STUDIO 2012\PROJECTS\SANDBLASTER\SANDBLASTER\DEBUG\INTERSECTION.OBJ
C:\USERS\DANIEL\DOCUMENTS\VISUAL STUDIO 2012\PROJECTS\SANDBLASTER\SANDBLASTER\DEBUG\LIGHT.OBJ
C:\Users\Daniel\Documents\Visual Studio 2012\Projects\sandblaster\sandblaster\Debug\link.command.1.tlog
C:\Users\Daniel\Documents\Visual Studio 2012\Projects\sandblaster\sandblaster\Debug\link.read.1.tlog
C:\Users\Daniel\Documents\Visual Studio 2012\Projects\sandblaster\sandblaster\Debug\link.write.1.tlog
C:\Users\Daniel\Documents\Visual Studio 2012\Projects\sandblaster\sandblaster\Debug\link-cvtres.read.1.tlog
C:\Users\Daniel\Documents\Visual Studio 2012\Projects\sandblaster\sandblaster\Debug\link-cvtres.write.1.tlog
C:\Users\Daniel\Documents\Visual Studio 2012\Projects\sandblaster\sandblaster\Debug\link-rc.read.1.tlog
C:\Users\Daniel\Documents\Visual Studio 2012\Projects\sandblaster\sandblaster\Debug\link-rc.write.1.tlog
C:\USERS\DANIEL\DOCUMENTS\VISUAL STUDIO 2012\PROJECTS\SANDBLASTER\SANDBLASTER\DEBUG\MAIN.OBJ
C:\USERS\DANIEL\DOCUMENTS\VISUAL STUDIO 2012\PROJECTS\SANDBLASTER\SANDBLASTER\DEBUG\MAINMENUMODE.OBJ
C:\USERS\DANIEL\DOCUMENTS\VISUAL STUDIO 2012\PROJECTS\SANDBLASTER\SANDBLASTER\DEBUG\MATERIALS.OBJ
C:\USERS\DANIEL\DOCUMENTS\VISUAL STUDIO 2012\PROJECTS\SANDBLASTER\SANDBLASTER\DEBUG\MESHOBJECT.OBJ
C:\USERS\DANIEL\DOCUMENTS\VISUAL STUDIO 2012\PROJECTS\SANDBLASTER\SANDBLASTER\DEBUG\MESHSTRUCTURE.OBJ
C:\USERS\DANIEL\DOCUMENTS\VISUAL STUDIO 2012\PROJECTS\SANDBLASTER\SANDBLASTER\DEBUG\OBJLOADER.OBJ
C:\USERS\DANIEL\DOCUMENTS\VISUAL STUDIO 2012\PROJECTS\SANDBLASTER\SANDBLASTER\DEBUG\PARTICLE.OBJ
C:\USERS\DANIEL\DOCUMENTS\VISUAL STUDIO 2012\PROJECTS\SANDBLASTER\SANDBLASTER\DEBUG\PAUSEMENUMODE.OBJ
C:\USERS\DANIEL\DOCUMENTS\VISUAL STUDIO 2012\PROJECTS\SANDBLASTER\SANDBLASTER\DEBUG\POWERMISSILE.OBJ
C:\USERS\DANIEL\DOCUMENTS\VISUAL STUDIO 2012\PROJECTS\SANDBLASTER\SANDBLASTER\DEBUG\PROJECTILEWEAPON.OBJ
C:\Users\Daniel\Documents\Visual Studio 2012\Projects\sandblaster\sandblaster\Debug\sandblaster.exe.intermediate.manifest
C:\USERS\DANIEL\DOCUMENTS\VISUAL STUDIO 2012\PROJECTS\SANDBLASTER\SANDBLASTER\DEBUG\SARGE.OBJ
C:\USERS\DANIEL\DOCUMENTS\VISUAL STUDIO 2012\PROJECTS\SANDBLASTER\SANDBLASTER\DEBUG\SBLIB.OBJ
C:\USERS\DANIEL\DOCUMENTS\VISUAL STUDIO 2012\PROJECTS\SANDBLASTER\SANDBLASTER\DEBUG\SCRAPPY.OBJ
C:\USERS\DANIEL\DOCUMENTS\VISUAL STUDIO 2012\PROJECTS\SANDBLASTER\SANDBLASTER\DEBUG\SHADER.OBJ
C:\USERS\DANIEL\DOCUMENTS\VISUAL STUDIO 2012\PROJECTS\SANDBLASTER\SANDBLASTER\DEBUG\SKYDOME.OBJ
C:\USERS\DANIEL\DOCUMENTS\VISUAL STUDIO 2012\PROJECTS\SANDBLASTER\SANDBLASTER\DEBUG\SMALLHEALTHPOWERUP.OBJ
C:\USERS\DANIEL\DOCUMENTS\VISUAL STUDIO 2012\PROJECTS\SANDBLASTER\SANDBLASTER\DEBUG\TEXTURELOADER.OBJ
C:\USERS\DANIEL\DOCUMENTS\VISUAL STUDIO 2012\PROJECTS\SANDBLASTER\SANDBLASTER\DEBUG\TGALOADER.OBJ
C:\USERS\DANIEL\DOCUMENTS\VISUAL STUDIO 2012\PROJECTS\SANDBLASTER\SANDBLASTER\DEBUG\TOXICPARTICLE.OBJ
C:\USERS\DANIEL\DOCUMENTS\VISUAL STUDIO 2012\PROJECTS\SANDBLASTER\SANDBLASTER\DEBUG\TOXICPARTICLESYSTEM.OBJ
C:\USERS\DANIEL\DOCUMENTS\VISUAL STUDIO 2012\PROJECTS\SANDBLASTER\SANDBLASTER\DEBUG\TOXICSHOT.OBJ
C:\Users\Daniel\Documents\Visual Studio 2012\Projects\sandblaster\sandblaster\Debug\vc110.idb
C:\USERS\DANIEL\DOCUMENTS\VISUAL STUDIO 2012\PROJECTS\SANDBLASTER\SANDBLASTER\DEBUG\VC110.PDB
C:\Users\Daniel\Documents\Visual Studio 2012\Projects\sandblaster\sandblaster\Debug\vc80.idb
C:\Users\Daniel\Documents\Visual Studio 2012\Projects\sandblaster\sandblaster\Debug\vc80.pdb
C:\Users\Daniel\Documents\Visual Studio 2012\Projects\sandblaster\sandblaster\Debug\vc90.idb
C:\Users\Daniel\Documents\Visual Studio 2012\Projects\sandblaster\sandblaster\Debug\vc90.pdb
C:\USERS\DANIEL\DOCUMENTS\VISUAL STUDIO 2012\PROJECTS\SANDBLASTER\SANDBLASTER\DEBUG\VECTOR3.OBJ
C:\USERS\DANIEL\DOCUMENTS\VISUAL STUDIO 2012\PROJECTS\SANDBLASTER\SANDBLASTER\DEBUG\VECTOR3D.OBJ
C:\USERS\DANIEL\DOCUMENTS\VISUAL STUDIO 2012\PROJECTS\SANDBLASTER\SANDBLASTER\DEBUG\WEAPONPOWERUP.OBJ
C:\USERS\DANIEL\DOCUMENTS\VISUAL STUDIO 2012\PROJECTS\SANDBLASTER\SANDBLASTER\DEBUG\WORLDMODE.OBJ
