C:\USERS\DANIEL\DOCUMENTS\VISUAL STUDIO 2012\PROJECTS\SANDBLASTER\RELEASE\SANDBLASTER.EXE
C:\USERS\DANIEL\DOCUMENTS\VISUAL STUDIO 2012\PROJECTS\SANDBLASTER\SANDBLASTER\RELEASE\AI.OBJ
C:\USERS\DANIEL\DOCUMENTS\VISUAL STUDIO 2012\PROJECTS\SANDBLASTER\SANDBLASTER\RELEASE\AUDIO.OBJ
C:\USERS\DANIEL\DOCUMENTS\VISUAL STUDIO 2012\PROJECTS\SANDBLASTER\SANDBLASTER\RELEASE\BMPLOADER.OBJ
C:\USERS\DANIEL\DOCUMENTS\VISUAL STUDIO 2012\PROJECTS\SANDBLASTER\SANDBLASTER\RELEASE\CHARACTERSELECTMODE.OBJ
C:\Users\Daniel\Documents\Visual Studio 2012\Projects\sandblaster\sandblaster\Release\cl.command.1.tlog
C:\Users\Daniel\Documents\Visual Studio 2012\Projects\sandblaster\sandblaster\Release\CL.read.1.tlog
C:\Users\Daniel\Documents\Visual Studio 2012\Projects\sandblaster\sandblaster\Release\CL.write.1.tlog
C:\USERS\DANIEL\DOCUMENTS\VISUAL STUDIO 2012\PROJECTS\SANDBLASTER\SANDBLASTER\RELEASE\DEBUGEYE.OBJ
C:\USERS\DANIEL\DOCUMENTS\VISUAL STUDIO 2012\PROJECTS\SANDBLASTER\SANDBLASTER\RELEASE\DRIVER.OBJ
C:\USERS\DANIEL\DOCUMENTS\VISUAL STUDIO 2012\PROJECTS\SANDBLASTER\SANDBLASTER\RELEASE\DRIVERPARTICLESYSTEM.OBJ
C:\USERS\DANIEL\DOCUMENTS\VISUAL STUDIO 2012\PROJECTS\SANDBLASTER\SANDBLASTER\RELEASE\ENTITY.OBJ
C:\USERS\DANIEL\DOCUMENTS\VISUAL STUDIO 2012\PROJECTS\SANDBLASTER\SANDBLASTER\RELEASE\FIREBALL.OBJ
C:\USERS\DANIEL\DOCUMENTS\VISUAL STUDIO 2012\PROJECTS\SANDBLASTER\SANDBLASTER\RELEASE\FRACTALTERRAIN.OBJ
C:\USERS\DANIEL\DOCUMENTS\VISUAL STUDIO 2012\PROJECTS\SANDBLASTER\SANDBLASTER\RELEASE\FREEZEPARTICLE.OBJ
C:\USERS\DANIEL\DOCUMENTS\VISUAL STUDIO 2012\PROJECTS\SANDBLASTER\SANDBLASTER\RELEASE\FREEZEPARTICLESYSTEM.OBJ
C:\USERS\DANIEL\DOCUMENTS\VISUAL STUDIO 2012\PROJECTS\SANDBLASTER\SANDBLASTER\RELEASE\FRUSTUM.OBJ
C:\USERS\DANIEL\DOCUMENTS\VISUAL STUDIO 2012\PROJECTS\SANDBLASTER\SANDBLASTER\RELEASE\GAMEMODEMANAGER.OBJ
C:\USERS\DANIEL\DOCUMENTS\VISUAL STUDIO 2012\PROJECTS\SANDBLASTER\SANDBLASTER\RELEASE\GAMEOVERMODE.OBJ
C:\USERS\DANIEL\DOCUMENTS\VISUAL STUDIO 2012\PROJECTS\SANDBLASTER\SANDBLASTER\RELEASE\GAMEWINDOW.OBJ
C:\USERS\DANIEL\DOCUMENTS\VISUAL STUDIO 2012\PROJECTS\SANDBLASTER\SANDBLASTER\RELEASE\ICESHOT.OBJ
C:\USERS\DANIEL\DOCUMENTS\VISUAL STUDIO 2012\PROJECTS\SANDBLASTER\SANDBLASTER\RELEASE\INPUTMANAGER.OBJ
C:\USERS\DANIEL\DOCUMENTS\VISUAL STUDIO 2012\PROJECTS\SANDBLASTER\SANDBLASTER\RELEASE\INTERSECTION.OBJ
C:\USERS\DANIEL\DOCUMENTS\VISUAL STUDIO 2012\PROJECTS\SANDBLASTER\SANDBLASTER\RELEASE\LIGHT.OBJ
C:\Users\Daniel\Documents\Visual Studio 2012\Projects\sandblaster\sandblaster\Release\link.command.1.tlog
C:\Users\Daniel\Documents\Visual Studio 2012\Projects\sandblaster\sandblaster\Release\link.read.1.tlog
C:\Users\Daniel\Documents\Visual Studio 2012\Projects\sandblaster\sandblaster\Release\link.write.1.tlog
C:\Users\Daniel\Documents\Visual Studio 2012\Projects\sandblaster\sandblaster\Release\link-cvtres.read.1.tlog
C:\Users\Daniel\Documents\Visual Studio 2012\Projects\sandblaster\sandblaster\Release\link-cvtres.write.1.tlog
C:\Users\Daniel\Documents\Visual Studio 2012\Projects\sandblaster\sandblaster\Release\link-rc.read.1.tlog
C:\Users\Daniel\Documents\Visual Studio 2012\Projects\sandblaster\sandblaster\Release\link-rc.write.1.tlog
C:\USERS\DANIEL\DOCUMENTS\VISUAL STUDIO 2012\PROJECTS\SANDBLASTER\SANDBLASTER\RELEASE\MAIN.OBJ
C:\USERS\DANIEL\DOCUMENTS\VISUAL STUDIO 2012\PROJECTS\SANDBLASTER\SANDBLASTER\RELEASE\MAINMENUMODE.OBJ
C:\USERS\DANIEL\DOCUMENTS\VISUAL STUDIO 2012\PROJECTS\SANDBLASTER\SANDBLASTER\RELEASE\MATERIALS.OBJ
C:\USERS\DANIEL\DOCUMENTS\VISUAL STUDIO 2012\PROJECTS\SANDBLASTER\SANDBLASTER\RELEASE\MESHOBJECT.OBJ
C:\USERS\DANIEL\DOCUMENTS\VISUAL STUDIO 2012\PROJECTS\SANDBLASTER\SANDBLASTER\RELEASE\MESHSTRUCTURE.OBJ
C:\USERS\DANIEL\DOCUMENTS\VISUAL STUDIO 2012\PROJECTS\SANDBLASTER\SANDBLASTER\RELEASE\OBJLOADER.OBJ
C:\USERS\DANIEL\DOCUMENTS\VISUAL STUDIO 2012\PROJECTS\SANDBLASTER\SANDBLASTER\RELEASE\PARTICLE.OBJ
C:\USERS\DANIEL\DOCUMENTS\VISUAL STUDIO 2012\PROJECTS\SANDBLASTER\SANDBLASTER\RELEASE\PAUSEMENUMODE.OBJ
C:\Users\Daniel\Documents\Visual Studio 2012\Projects\sandblaster\sandblaster\Release\Player.obj
C:\USERS\DANIEL\DOCUMENTS\VISUAL STUDIO 2012\PROJECTS\SANDBLASTER\SANDBLASTER\RELEASE\POWERMISSILE.OBJ
C:\USERS\DANIEL\DOCUMENTS\VISUAL STUDIO 2012\PROJECTS\SANDBLASTER\SANDBLASTER\RELEASE\PROJECTILEWEAPON.OBJ
C:\USERS\DANIEL\DOCUMENTS\VISUAL STUDIO 2012\PROJECTS\SANDBLASTER\SANDBLASTER\RELEASE\SARGE.OBJ
C:\USERS\DANIEL\DOCUMENTS\VISUAL STUDIO 2012\PROJECTS\SANDBLASTER\SANDBLASTER\RELEASE\SBLIB.OBJ
C:\USERS\DANIEL\DOCUMENTS\VISUAL STUDIO 2012\PROJECTS\SANDBLASTER\SANDBLASTER\RELEASE\SCRAPPY.OBJ
C:\USERS\DANIEL\DOCUMENTS\VISUAL STUDIO 2012\PROJECTS\SANDBLASTER\SANDBLASTER\RELEASE\SHADER.OBJ
C:\USERS\DANIEL\DOCUMENTS\VISUAL STUDIO 2012\PROJECTS\SANDBLASTER\SANDBLASTER\RELEASE\SKYDOME.OBJ
C:\USERS\DANIEL\DOCUMENTS\VISUAL STUDIO 2012\PROJECTS\SANDBLASTER\SANDBLASTER\RELEASE\SMALLHEALTHPOWERUP.OBJ
C:\USERS\DANIEL\DOCUMENTS\VISUAL STUDIO 2012\PROJECTS\SANDBLASTER\SANDBLASTER\RELEASE\TEXTURELOADER.OBJ
C:\USERS\DANIEL\DOCUMENTS\VISUAL STUDIO 2012\PROJECTS\SANDBLASTER\SANDBLASTER\RELEASE\TGALOADER.OBJ
C:\USERS\DANIEL\DOCUMENTS\VISUAL STUDIO 2012\PROJECTS\SANDBLASTER\SANDBLASTER\RELEASE\TOXICPARTICLE.OBJ
C:\USERS\DANIEL\DOCUMENTS\VISUAL STUDIO 2012\PROJECTS\SANDBLASTER\SANDBLASTER\RELEASE\TOXICPARTICLESYSTEM.OBJ
C:\USERS\DANIEL\DOCUMENTS\VISUAL STUDIO 2012\PROJECTS\SANDBLASTER\SANDBLASTER\RELEASE\TOXICSHOT.OBJ
C:\USERS\DANIEL\DOCUMENTS\VISUAL STUDIO 2012\PROJECTS\SANDBLASTER\SANDBLASTER\RELEASE\VC110.PDB
C:\Users\Daniel\Documents\Visual Studio 2012\Projects\sandblaster\sandblaster\Release\vc80.idb
C:\Users\Daniel\Documents\Visual Studio 2012\Projects\sandblaster\sandblaster\Release\vc80.pdb
C:\Users\Daniel\Documents\Visual Studio 2012\Projects\sandblaster\sandblaster\Release\vc90.idb
C:\Users\Daniel\Documents\Visual Studio 2012\Projects\sandblaster\sandblaster\Release\vc90.pdb
C:\USERS\DANIEL\DOCUMENTS\VISUAL STUDIO 2012\PROJECTS\SANDBLASTER\SANDBLASTER\RELEASE\VECTOR3.OBJ
C:\USERS\DANIEL\DOCUMENTS\VISUAL STUDIO 2012\PROJECTS\SANDBLASTER\SANDBLASTER\RELEASE\VECTOR3D.OBJ
C:\USERS\DANIEL\DOCUMENTS\VISUAL STUDIO 2012\PROJECTS\SANDBLASTER\SANDBLASTER\RELEASE\WEAPONPOWERUP.OBJ
C:\USERS\DANIEL\DOCUMENTS\VISUAL STUDIO 2012\PROJECTS\SANDBLASTER\SANDBLASTER\RELEASE\WORLDMODE.OBJ
